<?xml version="1.0" encoding="UTF-8"?>
<testsuite xmlns:xsi="http://www.w3.org/2001/XMLSchema-instance" xsi:noNamespaceSchemaLocation="https://maven.apache.org/surefire/maven-surefire-plugin/xsd/surefire-test-report.xsd" version="3.0.2" name="com.vegayan.airtelmanagement.AirtelmanagementApplicationTests" time="54.912" tests="1" errors="0" skipped="0" failures="0">
  <properties>
[...]
</properties>
  <testcase name="contextLoads" classname="com.vegayan.airtelmanagement.AirtelmanagementApplicationTests" time="7.968">
    <system-out><![CDATA[14:58:30.628 [main] INFO org.springframework.test.context.support.AnnotationConfigContextLoaderUtils -- Could not detect default configuration classes for test class [com.vegayan.airtelmanagement.AirtelmanagementApplicationTests]: AirtelmanagementApplicationTests does not declare any static, non-private, non-final, nested classes annotated with @Configuration.
14:58:31.261 [main] INFO org.springframework.boot.test.context.SpringBootTestContextBootstrapper -- Found @SpringBootConfiguration com.vegayan.airtelmanagement.AirtelmanagementApplication for test class com.vegayan.airtelmanagement.AirtelmanagementApplicationTests

  .   ____          _            __ _ _
 /\\ / ___'_ __ _ _(_)_ __  __ _ \ \ \ \
( ( )\___ | '_ | '_| | '_ \/ _` | \ \ \ \
 \\/  ___)| |_)| | | | | || (_| |  ) ) ) )
  '  |____| .__|_| |_|_| |_\__, | / / / /
 =========|_|==============|___/=/_/_/_/

2026-09-22 14:58:33.692 INFO  org.hibernate.validator.internal.util.Version - HV000001: Hibernate Validator 8.0.2.Final
 :: Spring Boot ::                (v3.4.3)

2026-09-22 14:58:33.880 INFO  com.vegayan.airtelmanagement.AirtelmanagementApplicationTests - Starting AirtelmanagementApplicationTests using Java 17.0.12 with PID 23572 (started by vivek in D:\Vivek\GUI Projec\Shift Management System\GIT HUB MAIN BRANCH\airtelmanagement)
2026-09-22 14:58:33.882 INFO  com.vegayan.airtelmanagement.AirtelmanagementApplicationTests - No active profile set, falling back to 1 default profile: "default"
2026-09-22 14:58:39.352 INFO  org.springframework.integration.config.DefaultConfiguringBeanFactoryPostProcessor - No bean named 'errorChannel' has been explicitly defined. Therefore, a default PublishSubscribeChannel will be created.
2026-09-22 14:58:39.397 INFO  org.springframework.integration.config.DefaultConfiguringBeanFactoryPostProcessor - No bean named 'integrationHeaderChannelRegistry' has been explicitly defined. Therefore, a default DefaultHeaderChannelRegistry will be created.
2026-09-22 14:58:42.064 INFO  com.vegayan.airtelmanagement.common.config.AppPropertiesConfig - Loaded config:
2026-09-22 14:58:42.065 INFO  com.vegayan.airtelmanagement.common.config.AppPropertiesConfig - UserMgmt DB IP: 192.168.0.36:24801
2026-09-22 14:58:42.066 INFO  com.vegayan.airtelmanagement.common.config.AppPropertiesConfig - UserMgmt DB Name: Vegayan_CHM_New
2026-09-22 14:58:42.067 INFO  com.vegayan.airtelmanagement.common.config.AppPropertiesConfig - UserMgmt Username: root
2026-09-22 14:58:42.067 INFO  com.vegayan.airtelmanagement.common.config.AppPropertiesConfig - Loaded config 2:
2026-09-22 14:58:42.067 INFO  com.vegayan.airtelmanagement.common.config.AppPropertiesConfig - UserMgmt DB IP: 192.168.0.36:24801
2026-09-22 14:58:42.068 INFO  com.vegayan.airtelmanagement.common.config.AppPropertiesConfig - UserMgmt DB Name: Vegayan_CHM_New
2026-09-22 14:58:42.068 INFO  com.vegayan.airtelmanagement.common.config.AppPropertiesConfig - UserMgmt Username: root
2026-09-22 14:58:43.123 INFO  ROOT - [SERVICE_START] id=f4c819e7-0fc2-47d1-a917-054bc88485f4 | class=AppPropertiesConfig | method=getDBSOURCE_USERMGMT_IP | request={}
2026-09-22 14:58:43.135 INFO  ROOT - [SERVICE_END] id=f4c819e7-0fc2-47d1-a917-054bc88485f4 | class=AppPropertiesConfig | method=getDBSOURCE_USERMGMT_IP | response="192.168.0.36:24801"
2026-09-22 14:58:43.136 INFO  ROOT - [SERVICE_START] id=f4c819e7-0fc2-47d1-a917-054bc88485f4 | class=AppPropertiesConfig | method=getDBSOURCE_USERMGMT_DBNAME | request={}
2026-09-22 14:58:43.137 INFO  ROOT - [SERVICE_END] id=f4c819e7-0fc2-47d1-a917-054bc88485f4 | class=AppPropertiesConfig | method=getDBSOURCE_USERMGMT_DBNAME | response="Vegayan_CHM_New"
2026-09-22 14:58:43.139 INFO  ROOT - [SERVICE_START] id=f4c819e7-0fc2-47d1-a917-054bc88485f4 | class=AppPropertiesConfig | method=getDBSOURCE_USERMGMT_USER | request={}
2026-09-22 14:58:43.140 INFO  ROOT - [SERVICE_END] id=f4c819e7-0fc2-47d1-a917-054bc88485f4 | class=AppPropertiesConfig | method=getDBSOURCE_USERMGMT_USER | response="root"
2026-09-22 14:58:43.141 INFO  ROOT - [SERVICE_START] id=f4c819e7-0fc2-47d1-a917-054bc88485f4 | class=AppPropertiesConfig | method=getDBSOURCE_USERMGMT_PASS | request={}
2026-09-22 14:58:43.142 INFO  ROOT - [SERVICE_END] id=f4c819e7-0fc2-47d1-a917-054bc88485f4 | class=AppPropertiesConfig | method=getDBSOURCE_USERMGMT_PASS | response="veGayan123!@#"
2026-09-22 14:58:43.177 INFO  com.zaxxer.hikari.HikariDataSource - HikariPool-1 - Starting...
2026-09-22 14:58:44.679 INFO  com.zaxxer.hikari.pool.HikariPool - HikariPool-1 - Added connection com.mysql.cj.jdbc.ConnectionImpl@53079ae6
2026-09-22 14:58:44.688 INFO  com.zaxxer.hikari.HikariDataSource - HikariPool-1 - Start completed.
DataSourceOne has been validated successfully!
2026-09-22 14:58:44.984 INFO  ROOT - [SERVICE_START] id=f4c819e7-0fc2-47d1-a917-054bc88485f4 | class=AppPropertiesConfig | method=getDBSOURCE1_IP | request={}
2026-09-22 14:58:44.985 INFO  ROOT - [SERVICE_END] id=f4c819e7-0fc2-47d1-a917-054bc88485f4 | class=AppPropertiesConfig | method=getDBSOURCE1_IP | response="192.168.0.36:24801"
2026-09-22 14:58:44.986 INFO  ROOT - [SERVICE_START] id=f4c819e7-0fc2-47d1-a917-054bc88485f4 | class=AppPropertiesConfig | method=getDBSOURCE1_DBNAME | request={}
2026-09-22 14:58:44.986 INFO  ROOT - [SERVICE_END] id=f4c819e7-0fc2-47d1-a917-054bc88485f4 | class=AppPropertiesConfig | method=getDBSOURCE1_DBNAME | response="Vegayan_CHM_New"
2026-09-22 14:58:44.987 INFO  ROOT - [SERVICE_START] id=f4c819e7-0fc2-47d1-a917-054bc88485f4 | class=AppPropertiesConfig | method=getDBSOURCE1_USER | request={}
2026-09-22 14:58:44.987 INFO  ROOT - [SERVICE_END] id=f4c819e7-0fc2-47d1-a917-054bc88485f4 | class=AppPropertiesConfig | method=getDBSOURCE1_USER | response="root"
2026-09-22 14:58:44.988 INFO  ROOT - [SERVICE_START] id=f4c819e7-0fc2-47d1-a917-054bc88485f4 | class=AppPropertiesConfig | method=getDBSOURCE1_PASS | request={}
2026-09-22 14:58:44.988 INFO  ROOT - [SERVICE_END] id=f4c819e7-0fc2-47d1-a917-054bc88485f4 | class=AppPropertiesConfig | method=getDBSOURCE1_PASS | response="veGayan123!@#"
2026-09-22 14:58:44.989 INFO  com.zaxxer.hikari.HikariDataSource - HikariPool-2 - Starting...
2026-09-22 14:58:45.109 INFO  com.zaxxer.hikari.pool.HikariPool - HikariPool-2 - Added connection com.mysql.cj.jdbc.ConnectionImpl@520ee6b3
2026-09-22 14:58:45.109 INFO  com.zaxxer.hikari.HikariDataSource - HikariPool-2 - Start completed.
DataSourceTwo has been validated successfully!
2026-09-22 14:58:48.475 INFO  ROOT - [SERVICE_START] id=f4c819e7-0fc2-47d1-a917-054bc88485f4 | class=AppPropertiesConfig | method=getSFTP_HOST | request={}
2026-09-22 14:58:48.476 INFO  ROOT - [SERVICE_END] id=f4c819e7-0fc2-47d1-a917-054bc88485f4 | class=AppPropertiesConfig | method=getSFTP_HOST | response="192.168.0.36"
2026-09-22 14:58:48.477 INFO  ROOT - [SERVICE_START] id=f4c819e7-0fc2-47d1-a917-054bc88485f4 | class=AppPropertiesConfig | method=getSFTP_PORT | request={}
2026-09-22 14:58:48.477 INFO  ROOT - [SERVICE_END] id=f4c819e7-0fc2-47d1-a917-054bc88485f4 | class=AppPropertiesConfig | method=getSFTP_PORT | response="22"
2026-09-22 14:58:48.478 INFO  ROOT - [SERVICE_START] id=f4c819e7-0fc2-47d1-a917-054bc88485f4 | class=AppPropertiesConfig | method=getSFTP_USERNAME | request={}
2026-09-22 14:58:48.479 INFO  ROOT - [SERVICE_END] id=f4c819e7-0fc2-47d1-a917-054bc88485f4 | class=AppPropertiesConfig | method=getSFTP_USERNAME | response="root"
2026-09-22 14:58:48.480 INFO  ROOT - [SERVICE_START] id=f4c819e7-0fc2-47d1-a917-054bc88485f4 | class=AppPropertiesConfig | method=getSFTP_PASSWORD | request={}
2026-09-22 14:58:48.480 INFO  ROOT - [SERVICE_END] id=f4c819e7-0fc2-47d1-a917-054bc88485f4 | class=AppPropertiesConfig | method=getSFTP_PASSWORD | response="R#aksa#vm88"
2026-09-22 14:58:50.840 WARN  org.springframework.boot.autoconfigure.security.servlet.UserDetailsServiceAutoConfiguration - 

Using generated security password: 2a3220ae-7077-433f-b9ca-76be707e747e

This generated password is for development use only. Your security configuration must be updated before running your application in production.

2026-09-22 14:58:50.874 INFO  org.springframework.security.config.annotation.authentication.configuration.InitializeUserDetailsBeanManagerConfigurer$InitializeUserDetailsManagerConfigurer - Global AuthenticationManager configured with UserDetailsService bean with name inMemoryUserDetailsManager
2026-09-22 14:59:06.090 INFO  org.springframework.boot.actuate.endpoint.web.EndpointLinksResolver - Exposing 3 endpoints beneath base path '/actuator'
2026-09-22 14:59:15.895 INFO  org.springframework.integration.endpoint.EventDrivenConsumer - Adding {logging-channel-adapter:_org.springframework.integration.errorLogger} as a subscriber to the 'errorChannel' channel
2026-09-22 14:59:15.904 INFO  org.springframework.integration.channel.PublishSubscribeChannel - Channel 'airtelmanagement.errorChannel' has 1 subscriber(s).
2026-09-22 14:59:15.912 INFO  org.springframework.integration.endpoint.EventDrivenConsumer - started bean '_org.springframework.integration.errorLogger'
2026-09-22 14:59:16.211 INFO  com.vegayan.airtelmanagement.AirtelmanagementApplicationTests - Started AirtelmanagementApplicationTests in 44.136 seconds (process running for 48.403)
]]></system-out>
  </testcase>
</testsuite>